This is pdfTeX, Version 3.1415926-1.40.10 (TeX Live 2009/Debian) (format=pdflatex 2013.7.24)  21 AUG 2013 02:08
entering extended mode
 %&-line parsing enabled.
**assign.tex
(./assign.tex
LaTeX2e <2009/09/24>
Babel <v3.8l> and hyphenation patterns for english, usenglishmax, dumylang, noh
yphenation, loaded.
(/usr/share/texmf-texlive/tex/latex/base/article.cls
Document Class: article 2007/10/19 v1.4h Standard LaTeX document class
(/usr/share/texmf-texlive/tex/latex/base/size10.clo
File: size10.clo 2007/10/19 v1.4h Standard LaTeX file (size option)
)
\c@part=\count79
\c@section=\count80
\c@subsection=\count81
\c@subsubsection=\count82
\c@paragraph=\count83
\c@subparagraph=\count84
\c@figure=\count85
\c@table=\count86
\abovecaptionskip=\skip41
\belowcaptionskip=\skip42
\bibindent=\dimen102
)
(/usr/share/texmf-texlive/tex/latex/titlesec/titlesec.sty
Package: titlesec 2007/08/12 v2.8 Sectioning titles
\ttl@box=\box26
\beforetitleunit=\skip43
\aftertitleunit=\skip44
\ttl@plus=\dimen103
\ttl@minus=\dimen104
\ttl@toksa=\toks14
\titlewidth=\dimen105
\titlewidthlast=\dimen106
\titlewidthfirst=\dimen107
)
(/usr/share/texmf-texlive/tex/latex/amsmath/amsmath.sty
Package: amsmath 2000/07/18 v2.13 AMS math features
\@mathmargin=\skip45

For additional information on amsmath, use the `?' option.
(/usr/share/texmf-texlive/tex/latex/amsmath/amstext.sty
Package: amstext 2000/06/29 v2.01

(/usr/share/texmf-texlive/tex/latex/amsmath/amsgen.sty
File: amsgen.sty 1999/11/30 v2.0
\@emptytoks=\toks15
\ex@=\dimen108
))
(/usr/share/texmf-texlive/tex/latex/amsmath/amsbsy.sty
Package: amsbsy 1999/11/29 v1.2d
\pmbraise@=\dimen109
)
(/usr/share/texmf-texlive/tex/latex/amsmath/amsopn.sty
Package: amsopn 1999/12/14 v2.01 operator names
)
\inf@bad=\count87
LaTeX Info: Redefining \frac on input line 211.
\uproot@=\count88
\leftroot@=\count89
LaTeX Info: Redefining \overline on input line 307.
\classnum@=\count90
\DOTSCASE@=\count91
LaTeX Info: Redefining \ldots on input line 379.
LaTeX Info: Redefining \dots on input line 382.
LaTeX Info: Redefining \cdots on input line 467.
\Mathstrutbox@=\box27
\strutbox@=\box28
\big@size=\dimen110
LaTeX Font Info:    Redeclaring font encoding OML on input line 567.
LaTeX Font Info:    Redeclaring font encoding OMS on input line 568.
\macc@depth=\count92
\c@MaxMatrixCols=\count93
\dotsspace@=\muskip10
\c@parentequation=\count94
\dspbrk@lvl=\count95
\tag@help=\toks16
\row@=\count96
\column@=\count97
\maxfields@=\count98
\andhelp@=\toks17
\eqnshift@=\dimen111
\alignsep@=\dimen112
\tagshift@=\dimen113
\tagwidth@=\dimen114
\totwidth@=\dimen115
\lineht@=\dimen116
\@envbody=\toks18
\multlinegap=\skip46
\multlinetaggap=\skip47
\mathdisplay@stack=\toks19
LaTeX Info: Redefining \[ on input line 2666.
LaTeX Info: Redefining \] on input line 2667.
)
(/usr/share/texmf-texlive/tex/latex/graphics/graphicx.sty
Package: graphicx 1999/02/16 v1.0f Enhanced LaTeX Graphics (DPC,SPQR)

(/usr/share/texmf-texlive/tex/latex/graphics/keyval.sty
Package: keyval 1999/03/16 v1.13 key=value parser (DPC)
\KV@toks@=\toks20
)
(/usr/share/texmf-texlive/tex/latex/graphics/graphics.sty
Package: graphics 2009/02/05 v1.0o Standard LaTeX Graphics (DPC,SPQR)

(/usr/share/texmf-texlive/tex/latex/graphics/trig.sty
Package: trig 1999/03/16 v1.09 sin cos tan (DPC)
)
(/etc/texmf/tex/latex/config/graphics.cfg
File: graphics.cfg 2009/08/28 v1.8 graphics configuration of TeX Live
)
Package graphics Info: Driver file: pdftex.def on input line 91.

(/usr/share/texmf-texlive/tex/latex/pdftex-def/pdftex.def
File: pdftex.def 2010/03/12 v0.04p Graphics/color for pdfTeX
\Gread@gobject=\count99
))
\Gin@req@height=\dimen117
\Gin@req@width=\dimen118
)
(/usr/share/texmf-texlive/tex/latex/float/float.sty
Package: float 2001/11/08 v1.3d Float enhancements (AL)
\c@float@type=\count100
\float@exts=\toks21
\float@box=\box29
\@float@everytoks=\toks22
\@floatcapt=\box30
)
(/usr/share/texmf-texlive/tex/latex/geometry/geometry.sty
Package: geometry 2008/12/21 v4.2 Page Geometry

(/usr/share/texmf-texlive/tex/generic/oberdiek/ifpdf.sty
Package: ifpdf 2009/04/10 v2.0 Provides the ifpdf switch (HO)
Package ifpdf Info: pdfTeX in pdf mode detected.
)
(/usr/share/texmf-texlive/tex/generic/oberdiek/ifvtex.sty
Package: ifvtex 2008/11/04 v1.4 Switches for detecting VTeX and its modes (HO)
Package ifvtex Info: VTeX not detected.
)
\Gm@cnth=\count101
\Gm@cntv=\count102
\c@Gm@tempcnt=\count103
\Gm@bindingoffset=\dimen119
\Gm@wd@mp=\dimen120
\Gm@odd@mp=\dimen121
\Gm@even@mp=\dimen122
\Gm@dimlist=\toks23
)
\@float@every@table=\toks24


LaTeX Warning: Unused global option(s):
    [8pt].

(./assign.aux)
\openout1 = `assign.aux'.

LaTeX Font Info:    Checking defaults for OML/cmm/m/it on input line 43.
LaTeX Font Info:    ... okay on input line 43.
LaTeX Font Info:    Checking defaults for T1/cmr/m/n on input line 43.
LaTeX Font Info:    ... okay on input line 43.
LaTeX Font Info:    Checking defaults for OT1/cmr/m/n on input line 43.
LaTeX Font Info:    ... okay on input line 43.
LaTeX Font Info:    Checking defaults for OMS/cmsy/m/n on input line 43.
LaTeX Font Info:    ... okay on input line 43.
LaTeX Font Info:    Checking defaults for OMX/cmex/m/n on input line 43.
LaTeX Font Info:    ... okay on input line 43.
LaTeX Font Info:    Checking defaults for U/cmr/m/n on input line 43.
LaTeX Font Info:    ... okay on input line 43.
 (/usr/share/texmf-texlive/tex/context/base/supp-pdf.mkii
[Loading MPS to PDF converter (version 2006.09.02).]
\scratchcounter=\count104
\scratchdimen=\dimen123
\scratchbox=\box31
\nofMPsegments=\count105
\nofMParguments=\count106
\everyMPshowfont=\toks25
\MPscratchCnt=\count107
\MPscratchDim=\dimen124
\MPnumerator=\count108
\everyMPtoPDFconversion=\toks26
)
*geometry auto-detecting driver*
*geometry detected driver: pdftex*
-------------------- Geometry parameters
paper: class default
landscape: --
twocolumn: true
twoside: --
asymmetric: --
h-parts: 42.67912pt, 528.93675pt, 42.67912pt
v-parts: 49.79231pt, 695.38536pt, 49.79231pt
hmarginratio: --
vmarginratio: --
lines: --
heightrounded: --
bindingoffset: 0.0pt
truedimen: --
includehead: --
includefoot: --
includemp: --
driver: pdftex
-------------------- Page layout dimensions and switches
\paperwidth  614.295pt
\paperheight 794.96999pt
\textwidth  528.93675pt
\textheight 695.38536pt
\oddsidemargin  -29.59087pt
\evensidemargin -29.59087pt
\topmargin  -59.47768pt
\headheight 12.0pt
\headsep    25.0pt
\footskip   30.0pt
\marginparwidth 4.0pt
\marginparsep   10.0pt
\columnsep  23.84923pt
\skip\footins  9.0pt plus 4.0pt minus 2.0pt
\hoffset 0.0pt
\voffset 0.0pt
\mag 1000
\@twocolumntrue 
(1in=72.27pt, 1cm=28.45pt)
-----------------------
(./sec1.tex)
Underfull \hbox (badness 6173) in paragraph at lines 64--64
[]\OT1/cmr/bx/n/9 Use Case
 []


Underfull \hbox (badness 10000) in paragraph at lines 64--64
\OT1/cmr/bx/n/9 Com-plex-
 []


Overfull \hbox (4.58638pt too wide) in paragraph at lines 64--65
[]\OT1/cmr/bx/n/9 Weight| 
 []


Overfull \hbox (3.96507pt too wide) in paragraph at lines 62--73
[][] 
 []


Overfull \hbox (3.96507pt too wide) in paragraph at lines 80--111
[][] 
 []


Underfull \hbox (badness 6725) in paragraph at lines 120--120
[]\OT1/cmr/bx/n/9 Efficiency and Pro-duc-tiv-ity
 []

[1{/var/lib/texmf/fonts/map/pdftex/updmap/pdftex.map}



]

LaTeX Font Warning: Command \small invalid in math mode on input line 146.

LaTeX Font Info:    Calculating math sizes for size <> on input line 148.

LaTeX Font Warning: Font shape `OT1/cmr/m/n' in size <> not available
(Font)              size <5> substituted on input line 148.


LaTeX Font Warning: Font shape `OT1/cmr/m/n' in size <0.7> not available
(Font)              size <5> substituted on input line 148.


LaTeX Font Warning: Font shape `OT1/cmr/m/n' in size <0.5> not available
(Font)              size <5> substituted on input line 148.


LaTeX Font Warning: Font shape `OML/cmm/m/it' in size <> not available
(Font)              size <5> substituted on input line 148.


LaTeX Font Warning: Font shape `OML/cmm/m/it' in size <0.7> not available
(Font)              size <5> substituted on input line 148.


LaTeX Font Warning: Font shape `OML/cmm/m/it' in size <0.5> not available
(Font)              size <5> substituted on input line 148.


LaTeX Font Warning: Font shape `OMS/cmsy/m/n' in size <> not available
(Font)              size <5> substituted on input line 148.


LaTeX Font Warning: Font shape `OMS/cmsy/m/n' in size <0.7> not available
(Font)              size <5> substituted on input line 148.


LaTeX Font Warning: Font shape `OMS/cmsy/m/n' in size <0.5> not available
(Font)              size <5> substituted on input line 148.


LaTeX Font Warning: Command \small invalid in math mode on input line 152.


LaTeX Font Warning: Command \small invalid in math mode on input line 158.


LaTeX Warning: Citation `1' on page 2 undefined on input line 165.

<images/1.png, id=14, 468.75125pt x 234.8775pt>
File: images/1.png Graphic file (type png)
 <use images/1.png>

LaTeX Warning: Citation `2' on page 2 undefined on input line 178.


LaTeX Warning: Citation `3' on page 2 undefined on input line 178.


LaTeX Warning: Citation `4' on page 2 undefined on input line 178.


LaTeX Warning: Citation `5' on page 2 undefined on input line 178.


LaTeX Warning: Citation `6' on page 2 undefined on input line 178.


LaTeX Warning: Citation `7' on page 2 undefined on input line 178.


LaTeX Warning: Citation `8' on page 2 undefined on input line 178.


LaTeX Warning: Citation `9' on page 2 undefined on input line 178.

[2]

LaTeX Warning: Reference `sub2a' on page 3 undefined on input line 184.


LaTeX Font Warning: Command \small invalid in math mode on input line 187.

LaTeX Font Info:    Try loading font information for OMS+cmr on input line 195.

(/usr/share/texmf-texlive/tex/latex/base/omscmr.fd
File: omscmr.fd 1999/05/25 v2.5h Standard LaTeX font definitions
)
LaTeX Font Info:    Font shape `OMS/cmr/m/n' in size <10> not available
(Font)              Font shape `OMS/cmsy/m/n' tried instead on input line 195.
 [3 <./images/1.png>]

LaTeX Font Warning: Command \small invalid in math mode on input line 215.


LaTeX Font Warning: Command \small invalid in math mode on input line 215.


Underfull \hbox (badness 1603) in paragraph at lines 221--224
\OT1/cmr/m/n/10 In our model, the con-ju-gate gra-di-ent al-go-rithm for
 []


Underfull \hbox (badness 1939) in paragraph at lines 221--224
\OT1/cmr/m/n/10 Maximum It-er-a-tions = 10,000, Con-ver-gen Tol-er-ance
 []


Underfull \hbox (badness 10000) in paragraph at lines 221--224

 []

<images/2.png, id=32, 457.71pt x 275.0275pt>
File: images/2.png Graphic file (type png)
 <use images/2.png>
Underfull \hbox (badness 10000) in paragraph at lines 236--237

 []


Overfull \hbox (5.06517pt too wide) in paragraph at lines 249--249
[]\OT1/cmr/m/n/9 #prj| 
 []


Overfull \hbox (6.30362pt too wide) in paragraph at lines 249--249
[]\OT1/cmr/m/n/9 StDev| 
 []


Overfull \hbox (2.12204pt too wide) in paragraph at lines 251--251
[]\OT1/cmr/m/n/9 S1(Ind)| 
 []


Overfull \hbox (6.13423pt too wide) in paragraph at lines 251--251
[]\OT1/cmr/m/n/9 36849.0| 
 []


Overfull \hbox (4.63074pt too wide) in paragraph at lines 251--251
[]\OT1/cmr/m/n/9 39350| 
 []


Overfull \hbox (3.5648pt too wide) in paragraph at lines 251--251
[]\OT1/cmr/m/n/9 129353| 
 []


Overfull \hbox (2.12204pt too wide) in paragraph at lines 253--253
[]\OT1/cmr/m/n/9 S2(Ind)| 
 []


Overfull \hbox (1.50926pt too wide) in paragraph at lines 253--253
[]\OT1/cmr/m/n/9 6225.0| 
 []


Overfull \hbox (2.12204pt too wide) in paragraph at lines 255--255
[]\OT1/cmr/m/n/9 S3(Ind)| 
 []


Overfull \hbox (6.13423pt too wide) in paragraph at lines 255--255
[]\OT1/cmr/m/n/9 20573.0| 
 []


Overfull \hbox (4.63074pt too wide) in paragraph at lines 255--255
[]\OT1/cmr/m/n/9 47327| 
 []


Overfull \hbox (5.07758pt too wide) in paragraph at lines 257--257
[]\OT1/cmr/m/n/9 S4(Edu)| 
 []


Overfull \hbox (1.50926pt too wide) in paragraph at lines 257--257
[]\OT1/cmr/m/n/9 1689.2| 
 []


Overfull \hbox (2.5752pt too wide) in paragraph at lines 257--257
[]\OT1/cmr/m/n/9 496.6| 
 []

[4 <./images/2.png>] <images/3.png, id=38, 463.7325pt x 299.1175pt>
File: images/3.png Graphic file (type png)

<use images/3.png>
Overfull \hbox (4.4994pt too wide) in paragraph at lines 283--283
[]\OT1/cmr/m/n/9 Regression| 
 []


Overfull \hbox (3.15413pt too wide) in paragraph at lines 287--287
[]\OT1/cmr/m/n/9 PRED(0.25)| 
 []


Overfull \hbox (3.15413pt too wide) in paragraph at lines 289--289
[]\OT1/cmr/m/n/9 PRED(0.50)| 
 []


Overfull \hbox (3.15413pt too wide) in paragraph at lines 291--291
[]\OT1/cmr/m/n/9 PRED(0.75)| 
 []

<images/4.png, id=39, 453.695pt x 261.97874pt>
File: images/4.png Graphic file (type png)
 <use images/4.png>
Underfull \hbox (badness 10000) in paragraph at lines 315--316

 []

(./sec8.tex [5 <./images/3.png> <./images/4.png>]) (./assign.bbl) [6

]
(./assign.aux)

LaTeX Font Warning: Size substitutions with differences
(Font)              up to 4.5pt have occurred.


LaTeX Warning: There were undefined references.

 )
(\end occurred inside a group at level 3)

### simple group (level 3) entered at line 221 ({)
### simple group (level 2) entered at line 209 ({)
### simple group (level 1) entered at line 190 ({)
### bottom level 
Here is how much of TeX's memory you used:
 2327 strings out of 495061
 28899 string characters out of 1182621
 107776 words of memory out of 3000000
 5490 multiletter control sequences out of 15000+50000
 11550 words of font info for 42 fonts, out of 3000000 for 9000
 28 hyphenation exceptions out of 8191
 27i,15n,28p,1669b,360s stack positions out of 5000i,500n,10000p,200000b,50000s
</usr/share/texmf-texlive/fonts/type1/public/amsfonts/cm/cmbx10
.pfb></usr/share/texmf-texlive/fonts/type1/public/amsfonts/cm/cmbx12.pfb></usr/
share/texmf-texlive/fonts/type1/public/amsfonts/cm/cmbx9.pfb></usr/share/texmf-
texlive/fonts/type1/public/amsfonts/cm/cmbxti10.pfb></usr/share/texmf-texlive/f
onts/type1/public/amsfonts/cm/cmcsc10.pfb></usr/share/texmf-texlive/fonts/type1
/public/amsfonts/cmextra/cmex9.pfb></usr/share/texmf-texlive/fonts/type1/public
/amsfonts/cm/cmmi10.pfb></usr/share/texmf-texlive/fonts/type1/public/amsfonts/c
m/cmmi6.pfb></usr/share/texmf-texlive/fonts/type1/public/amsfonts/cm/cmmi9.pfb>
</usr/share/texmf-texlive/fonts/type1/public/amsfonts/cm/cmr10.pfb></usr/share/
texmf-texlive/fonts/type1/public/amsfonts/cm/cmr12.pfb></usr/share/texmf-texliv
e/fonts/type1/public/amsfonts/cm/cmr6.pfb></usr/share/texmf-texlive/fonts/type1
/public/amsfonts/cm/cmr7.pfb></usr/share/texmf-texlive/fonts/type1/public/amsfo
nts/cm/cmr8.pfb></usr/share/texmf-texlive/fonts/type1/public/amsfonts/cm/cmr9.p
fb></usr/share/texmf-texlive/fonts/type1/public/amsfonts/cm/cmsy10.pfb></usr/sh
are/texmf-texlive/fonts/type1/public/amsfonts/cm/cmsy7.pfb></usr/share/texmf-te
xlive/fonts/type1/public/amsfonts/cm/cmsy9.pfb></usr/share/texmf-texlive/fonts/
type1/public/amsfonts/cm/cmti10.pfb>
Output written on assign.pdf (6 pages, 364806 bytes).
PDF statistics:
 106 PDF objects out of 1000 (max. 8388607)
 0 named destinations out of 1000 (max. 500000)
 21 words of extra memory for PDF output out of 10000 (max. 10000000)

