This is pdfTeX, Version 3.1415926-1.40.10 (TeX Live 2009/Debian) (format=latex 2013.7.24)  21 AUG 2013 03:35
entering extended mode
 %&-line parsing enabled.
**paper.tex
(./paper.tex
LaTeX2e <2009/09/24>
Babel <v3.8l> and hyphenation patterns for english, usenglishmax, dumylang, noh
yphenation, loaded.
(/usr/share/texmf-texlive/tex/latex/base/article.cls
Document Class: article 2007/10/19 v1.4h Standard LaTeX document class
(/usr/share/texmf-texlive/tex/latex/base/size10.clo
File: size10.clo 2007/10/19 v1.4h Standard LaTeX file (size option)
)
\c@part=\count79
\c@section=\count80
\c@subsection=\count81
\c@subsubsection=\count82
\c@paragraph=\count83
\c@subparagraph=\count84
\c@figure=\count85
\c@table=\count86
\abovecaptionskip=\skip41
\belowcaptionskip=\skip42
\bibindent=\dimen102
)
(/usr/share/texmf-texlive/tex/latex/titlesec/titlesec.sty
Package: titlesec 2007/08/12 v2.8 Sectioning titles
\ttl@box=\box26
\beforetitleunit=\skip43
\aftertitleunit=\skip44
\ttl@plus=\dimen103
\ttl@minus=\dimen104
\ttl@toksa=\toks14
\titlewidth=\dimen105
\titlewidthlast=\dimen106
\titlewidthfirst=\dimen107
)
(/usr/share/texmf-texlive/tex/latex/amsmath/amsmath.sty
Package: amsmath 2000/07/18 v2.13 AMS math features
\@mathmargin=\skip45

For additional information on amsmath, use the `?' option.
(/usr/share/texmf-texlive/tex/latex/amsmath/amstext.sty
Package: amstext 2000/06/29 v2.01

(/usr/share/texmf-texlive/tex/latex/amsmath/amsgen.sty
File: amsgen.sty 1999/11/30 v2.0
\@emptytoks=\toks15
\ex@=\dimen108
))
(/usr/share/texmf-texlive/tex/latex/amsmath/amsbsy.sty
Package: amsbsy 1999/11/29 v1.2d
\pmbraise@=\dimen109
)
(/usr/share/texmf-texlive/tex/latex/amsmath/amsopn.sty
Package: amsopn 1999/12/14 v2.01 operator names
)
\inf@bad=\count87
LaTeX Info: Redefining \frac on input line 211.
\uproot@=\count88
\leftroot@=\count89
LaTeX Info: Redefining \overline on input line 307.
\classnum@=\count90
\DOTSCASE@=\count91
LaTeX Info: Redefining \ldots on input line 379.
LaTeX Info: Redefining \dots on input line 382.
LaTeX Info: Redefining \cdots on input line 467.
\Mathstrutbox@=\box27
\strutbox@=\box28
\big@size=\dimen110
LaTeX Font Info:    Redeclaring font encoding OML on input line 567.
LaTeX Font Info:    Redeclaring font encoding OMS on input line 568.
\macc@depth=\count92
\c@MaxMatrixCols=\count93
\dotsspace@=\muskip10
\c@parentequation=\count94
\dspbrk@lvl=\count95
\tag@help=\toks16
\row@=\count96
\column@=\count97
\maxfields@=\count98
\andhelp@=\toks17
\eqnshift@=\dimen111
\alignsep@=\dimen112
\tagshift@=\dimen113
\tagwidth@=\dimen114
\totwidth@=\dimen115
\lineht@=\dimen116
\@envbody=\toks18
\multlinegap=\skip46
\multlinetaggap=\skip47
\mathdisplay@stack=\toks19
LaTeX Info: Redefining \[ on input line 2666.
LaTeX Info: Redefining \] on input line 2667.
)
(/usr/share/texmf-texlive/tex/latex/graphics/graphicx.sty
Package: graphicx 1999/02/16 v1.0f Enhanced LaTeX Graphics (DPC,SPQR)

(/usr/share/texmf-texlive/tex/latex/graphics/keyval.sty
Package: keyval 1999/03/16 v1.13 key=value parser (DPC)
\KV@toks@=\toks20
)
(/usr/share/texmf-texlive/tex/latex/graphics/graphics.sty
Package: graphics 2009/02/05 v1.0o Standard LaTeX Graphics (DPC,SPQR)

(/usr/share/texmf-texlive/tex/latex/graphics/trig.sty
Package: trig 1999/03/16 v1.09 sin cos tan (DPC)
)
(/etc/texmf/tex/latex/config/graphics.cfg
File: graphics.cfg 2009/08/28 v1.8 graphics configuration of TeX Live
)
Package graphics Info: Driver file: dvips.def on input line 91.

(/usr/share/texmf-texlive/tex/latex/graphics/dvips.def
File: dvips.def 1999/02/16 v3.0i Driver-dependant file (DPC,SPQR)
))
\Gin@req@height=\dimen117
\Gin@req@width=\dimen118
)
(/usr/share/texmf-texlive/tex/latex/float/float.sty
Package: float 2001/11/08 v1.3d Float enhancements (AL)
\c@float@type=\count99
\float@exts=\toks21
\float@box=\box29
\@float@everytoks=\toks22
\@floatcapt=\box30
)
(/usr/share/texmf-texlive/tex/latex/ltxmisc/url.sty
\Urlmuskip=\muskip11
Package: url 2006/04/12  ver 3.3  Verb mode for urls, etc.
)
(/usr/share/texmf-texlive/tex/latex/geometry/geometry.sty
Package: geometry 2008/12/21 v4.2 Page Geometry

(/usr/share/texmf-texlive/tex/generic/oberdiek/ifpdf.sty
Package: ifpdf 2009/04/10 v2.0 Provides the ifpdf switch (HO)
Package ifpdf Info: pdfTeX in pdf mode not detected.
)
(/usr/share/texmf-texlive/tex/generic/oberdiek/ifvtex.sty
Package: ifvtex 2008/11/04 v1.4 Switches for detecting VTeX and its modes (HO)
Package ifvtex Info: VTeX not detected.
)
\Gm@cnth=\count100
\Gm@cntv=\count101
\c@Gm@tempcnt=\count102
\Gm@bindingoffset=\dimen119
\Gm@wd@mp=\dimen120
\Gm@odd@mp=\dimen121
\Gm@even@mp=\dimen122
\Gm@dimlist=\toks23
)
\@float@every@table=\toks24


LaTeX Warning: Unused global option(s):
    [8pt].

(./paper.aux)
\openout1 = `paper.aux'.

LaTeX Font Info:    Checking defaults for OML/cmm/m/it on input line 44.
LaTeX Font Info:    ... okay on input line 44.
LaTeX Font Info:    Checking defaults for T1/cmr/m/n on input line 44.
LaTeX Font Info:    ... okay on input line 44.
LaTeX Font Info:    Checking defaults for OT1/cmr/m/n on input line 44.
LaTeX Font Info:    ... okay on input line 44.
LaTeX Font Info:    Checking defaults for OMS/cmsy/m/n on input line 44.
LaTeX Font Info:    ... okay on input line 44.
LaTeX Font Info:    Checking defaults for OMX/cmex/m/n on input line 44.
LaTeX Font Info:    ... okay on input line 44.
LaTeX Font Info:    Checking defaults for U/cmr/m/n on input line 44.
LaTeX Font Info:    ... okay on input line 44.

*geometry auto-detecting driver*
*geometry detected driver: dvips*
-------------------- Geometry parameters
paper: class default
landscape: --
twocolumn: --
twoside: --
asymmetric: --
h-parts: 42.67912pt, 528.93675pt, 42.67912pt
v-parts: 49.79231pt, 695.38536pt, 49.79231pt
hmarginratio: --
vmarginratio: --
lines: --
heightrounded: --
bindingoffset: 0.0pt
truedimen: --
includehead: --
includefoot: --
includemp: --
driver: dvips
-------------------- Page layout dimensions and switches
\paperwidth  614.295pt
\paperheight 794.96999pt
\textwidth  528.93675pt
\textheight 695.38536pt
\oddsidemargin  -29.59087pt
\evensidemargin -29.59087pt
\topmargin  -59.47768pt
\headheight 12.0pt
\headsep    25.0pt
\footskip   30.0pt
\marginparwidth 65.0pt
\marginparsep   11.0pt
\columnsep  23.84923pt
\skip\footins  9.0pt plus 4.0pt minus 2.0pt
\hoffset 0.0pt
\voffset 0.0pt
\mag 1000

(1in=72.27pt, 1cm=28.45pt)
-----------------------
[1

] (./Sources/TexFiles/sec1.tex)
Underfull \hbox (badness 6173) in paragraph at lines 66--66
[]\OT1/cmr/bx/n/9 Use Case
 []


Underfull \hbox (badness 10000) in paragraph at lines 66--66
\OT1/cmr/bx/n/9 Com-plex-
 []


Overfull \hbox (4.58638pt too wide) in paragraph at lines 66--67
[]\OT1/cmr/bx/n/9 Weight| 
 []


Underfull \hbox (badness 6725) in paragraph at lines 124--124
[]\OT1/cmr/bx/n/9 Efficiency and Pro-duc-tiv-ity
 []


LaTeX Warning: `h' float specifier changed to `ht'.


LaTeX Warning: `h' float specifier changed to `ht'.

[2]

LaTeX Font Warning: Command \small invalid in math mode on input line 150.

LaTeX Font Info:    Calculating math sizes for size <> on input line 152.

LaTeX Font Warning: Font shape `OT1/cmr/m/n' in size <> not available
(Font)              size <5> substituted on input line 152.


LaTeX Font Warning: Font shape `OT1/cmr/m/n' in size <0.7> not available
(Font)              size <5> substituted on input line 152.


LaTeX Font Warning: Font shape `OT1/cmr/m/n' in size <0.5> not available
(Font)              size <5> substituted on input line 152.


LaTeX Font Warning: Font shape `OML/cmm/m/it' in size <> not available
(Font)              size <5> substituted on input line 152.


LaTeX Font Warning: Font shape `OML/cmm/m/it' in size <0.7> not available
(Font)              size <5> substituted on input line 152.


LaTeX Font Warning: Font shape `OML/cmm/m/it' in size <0.5> not available
(Font)              size <5> substituted on input line 152.


LaTeX Font Warning: Font shape `OMS/cmsy/m/n' in size <> not available
(Font)              size <5> substituted on input line 152.


LaTeX Font Warning: Font shape `OMS/cmsy/m/n' in size <0.7> not available
(Font)              size <5> substituted on input line 152.


LaTeX Font Warning: Font shape `OMS/cmsy/m/n' in size <0.5> not available
(Font)              size <5> substituted on input line 152.


LaTeX Font Warning: Command \small invalid in math mode on input line 156.


LaTeX Font Warning: Command \small invalid in math mode on input line 162.

[3]
File: Sources/Images/1.png Graphic file (type eps)
 <Sources/Images/1.png>

LaTeX Warning: Reference `sub2a' on page 4 undefined on input line 188.


LaTeX Font Warning: Command \small invalid in math mode on input line 191.

[4]
LaTeX Font Info:    Try loading font information for OMS+cmr on input line 199.

 (/usr/share/texmf-texlive/tex/latex/base/omscmr.fd
File: omscmr.fd 1999/05/25 v2.5h Standard LaTeX font definitions
)
LaTeX Font Info:    Font shape `OMS/cmr/m/n' in size <10> not available
(Font)              Font shape `OMS/cmsy/m/n' tried instead on input line 199.


LaTeX Font Warning: Command \small invalid in math mode on input line 219.


LaTeX Font Warning: Command \small invalid in math mode on input line 219.


Underfull \hbox (badness 10000) in paragraph at lines 225--228

 []

[5]
File: Sources/Images/2.png Graphic file (type eps)
 <Sources/Images/2.png>
Underfull \hbox (badness 10000) in paragraph at lines 240--241

 []


Overfull \hbox (5.06517pt too wide) in paragraph at lines 254--254
[]\OT1/cmr/m/n/9 #prj| 
 []


Overfull \hbox (6.30362pt too wide) in paragraph at lines 254--254
[]\OT1/cmr/m/n/9 StDev| 
 []


Overfull \hbox (2.12204pt too wide) in paragraph at lines 256--256
[]\OT1/cmr/m/n/9 S1(Ind)| 
 []


Overfull \hbox (6.13423pt too wide) in paragraph at lines 256--256
[]\OT1/cmr/m/n/9 36849.0| 
 []


Overfull \hbox (4.63074pt too wide) in paragraph at lines 256--256
[]\OT1/cmr/m/n/9 39350| 
 []


Overfull \hbox (3.5648pt too wide) in paragraph at lines 256--256
[]\OT1/cmr/m/n/9 129353| 
 []


Overfull \hbox (2.12204pt too wide) in paragraph at lines 258--258
[]\OT1/cmr/m/n/9 S2(Ind)| 
 []


Overfull \hbox (1.50926pt too wide) in paragraph at lines 258--258
[]\OT1/cmr/m/n/9 6225.0| 
 []


Overfull \hbox (2.12204pt too wide) in paragraph at lines 260--260
[]\OT1/cmr/m/n/9 S3(Ind)| 
 []


Overfull \hbox (6.13423pt too wide) in paragraph at lines 260--260
[]\OT1/cmr/m/n/9 20573.0| 
 []


Overfull \hbox (4.63074pt too wide) in paragraph at lines 260--260
[]\OT1/cmr/m/n/9 47327| 
 []


Overfull \hbox (5.07758pt too wide) in paragraph at lines 262--262
[]\OT1/cmr/m/n/9 S4(Edu)| 
 []


Overfull \hbox (1.50926pt too wide) in paragraph at lines 262--262
[]\OT1/cmr/m/n/9 1689.2| 
 []


Overfull \hbox (2.5752pt too wide) in paragraph at lines 262--262
[]\OT1/cmr/m/n/9 496.6| 
 []


LaTeX Warning: `h' float specifier changed to `ht'.

File: Sources/Images/3.png Graphic file (type eps)
<Sources/Images/3.png> [6]
Overfull \hbox (4.4994pt too wide) in paragraph at lines 289--289
[]\OT1/cmr/m/n/9 Regression| 
 []


Overfull \hbox (3.15413pt too wide) in paragraph at lines 293--293
[]\OT1/cmr/m/n/9 PRED(0.25)| 
 []


Overfull \hbox (3.15413pt too wide) in paragraph at lines 295--295
[]\OT1/cmr/m/n/9 PRED(0.50)| 
 []


Overfull \hbox (3.15413pt too wide) in paragraph at lines 297--297
[]\OT1/cmr/m/n/9 PRED(0.75)| 
 []

File: Sources/Images/4.png Graphic file (type eps)
<Sources/Images/4.png> [7]
Underfull \hbox (badness 10000) in paragraph at lines 321--322

 []

(./Sources/TexFiles/sec8.tex) (./paper.bbl [8]
Missing character: There is no Ã in font cmr9!
Missing character: There is no ¸ in font cmr9!
) [9] (./paper.aux)

LaTeX Font Warning: Size substitutions with differences
(Font)              up to 4.5pt have occurred.


LaTeX Warning: There were undefined references.

 )
(\end occurred inside a group at level 3)

### simple group (level 3) entered at line 225 ({)
### simple group (level 2) entered at line 213 ({)
### simple group (level 1) entered at line 194 ({)
### bottom level 
Here is how much of TeX's memory you used:
 2030 strings out of 495062
 24814 string characters out of 1182644
 96982 words of memory out of 3000000
 5193 multiletter control sequences out of 15000+50000
 12363 words of font info for 45 fonts, out of 3000000 for 9000
 28 hyphenation exceptions out of 8191
 27i,15n,29p,1656b,444s stack positions out of 5000i,500n,10000p,200000b,50000s

Output written on paper.dvi (9 pages, 39204 bytes).
